<?xml version="1.0" encoding="UTF-8"?>
<testsuite name="com.accolite.crossref_service.CrossrefServiceApplicationTests" tests="1" skipped="0" failures="0" errors="0" timestamp="2026-02-09T10:39:10.200Z" hostname="IN-UP-0ZERXF" time="10.718">
  <properties/>
  <testcase name="contextLoads()" classname="com.accolite.crossref_service.CrossrefServiceApplicationTests" time="0.768"/>
  <system-out><![CDATA[16:09:10.626 [Test worker] INFO org.springframework.test.context.support.AnnotationConfigContextLoaderUtils -- Could not detect default configuration classes for test class [com.accolite.crossref_service.CrossrefServiceApplicationTests]: CrossrefServiceApplicationTests does not declare any static, non-private, non-final, nested classes annotated with @Configuration.
16:09:10.834 [Test worker] INFO org.springframework.boot.test.context.SpringBootTestContextBootstrapper -- Found @SpringBootConfiguration com.accolite.crossref_service.CrossrefServiceApplication for test class com.accolite.crossref_service.CrossrefServiceApplicationTests

  .   ____          _            __ _ _
 /\\ / ___'_ __ _ _(_)_ __  __ _ \ \ \ \
( ( )\___ | '_ | '_| | '_ \/ _` | \ \ \ \
 \\/  ___)| |_)| | | | | || (_| |  ) ) ) )
  '  |____| .__|_| |_|_| |_\__, | / / / /
 =========|_|==============|___/=/_/_/_/

 :: Spring Boot ::                (v4.0.0)

2026-02-09T16:09:11.710+05:30  INFO 23676 --- [crossref_service] [    Test worker] c.a.c.CrossrefServiceApplicationTests    : Starting CrossrefServiceApplicationTests using Java 21.0.10 with PID 23676 (started by ShwethaK in C:\Users\ShwethaK\IdeaProjects\crossref_service)
2026-02-09T16:09:11.712+05:30  INFO 23676 --- [crossref_service] [    Test worker] c.a.c.CrossrefServiceApplicationTests    : The following 1 profile is active: "test"
2026-02-09T16:09:12.939+05:30  INFO 23676 --- [crossref_service] [    Test worker] .s.d.r.c.RepositoryConfigurationDelegate : Bootstrapping Spring Data JPA repositories in DEFAULT mode.
2026-02-09T16:09:13.043+05:30  INFO 23676 --- [crossref_service] [    Test worker] .s.d.r.c.RepositoryConfigurationDelegate : Finished Spring Data repository scanning in 78 ms. Found 1 JPA repository interface.
2026-02-09T16:09:13.999+05:30  INFO 23676 --- [crossref_service] [    Test worker] o.hibernate.jpa.internal.util.LogHelper  : HHH000204: Processing PersistenceUnitInfo [name: default]
2026-02-09T16:09:14.168+05:30  INFO 23676 --- [crossref_service] [    Test worker] org.hibernate.Version                    : HHH000412: Hibernate ORM core version 7.1.8.Final
2026-02-09T16:09:15.286+05:30  INFO 23676 --- [crossref_service] [    Test worker] o.s.o.j.p.SpringPersistenceUnitInfo      : No LoadTimeWeaver setup: ignoring JPA class transformer
2026-02-09T16:09:15.347+05:30  INFO 23676 --- [crossref_service] [    Test worker] com.zaxxer.hikari.HikariDataSource       : HikariPool-1 - Starting...
2026-02-09T16:09:15.907+05:30  INFO 23676 --- [crossref_service] [    Test worker] com.zaxxer.hikari.pool.HikariPool        : HikariPool-1 - Added connection com.mysql.cj.jdbc.ConnectionImpl@c0521e5
2026-02-09T16:09:15.910+05:30  INFO 23676 --- [crossref_service] [    Test worker] com.zaxxer.hikari.HikariDataSource       : HikariPool-1 - Start completed.
2026-02-09T16:09:16.080+05:30  INFO 23676 --- [crossref_service] [    Test worker] org.hibernate.orm.connections.pooling    : HHH10001005: Database info:
	Database JDBC URL [jdbc:mysql://localhost:3306/crossref_db]
	Database driver: MySQL Connector/J
	Database dialect: MySQLDialect
	Database version: 8.4.8
	Default catalog/schema: crossref_db/undefined
	Autocommit mode: undefined/unknown
	Isolation level: REPEATABLE_READ [default REPEATABLE_READ]
	JDBC fetch size: none
	Pool: DatasourceConnectionProviderImpl
	Minimum pool size: undefined/unknown
	Maximum pool size: undefined/unknown
2026-02-09T16:09:17.738+05:30  INFO 23676 --- [crossref_service] [    Test worker] o.h.e.t.j.p.i.JtaPlatformInitiator       : HHH000489: No JTA platform available (set 'hibernate.transaction.jta.platform' to enable JTA platform integration)
2026-02-09T16:09:17.873+05:30  INFO 23676 --- [crossref_service] [    Test worker] j.LocalContainerEntityManagerFactoryBean : Initialized JPA EntityManagerFactory for persistence unit 'default'
2026-02-09T16:09:18.045+05:30  INFO 23676 --- [crossref_service] [    Test worker] o.s.d.j.r.query.QueryEnhancerFactories   : Hibernate is in classpath; If applicable, HQL parser will be used.
2026-02-09T16:09:18.311+05:30  WARN 23676 --- [crossref_service] [    Test worker] JpaBaseConfiguration$JpaWebConfiguration : spring.jpa.open-in-view is enabled by default. Therefore, database queries may be performed during view rendering. Explicitly configure spring.jpa.open-in-view to disable this warning
2026-02-09T16:09:19.563+05:30  INFO 23676 --- [crossref_service] [    Test worker] o.a.kafka.common.config.AbstractConfig   : ConsumerConfig values: 
	allow.auto.create.topics = true
	auto.commit.interval.ms = 5000
	auto.offset.reset = earliest
	bootstrap.servers = [localhost:9092]
	check.crcs = true
	client.dns.lookup = use_all_dns_ips
	client.id = consumer-crossref-service-group-1
	client.rack = 
	connections.max.idle.ms = 540000
	default.api.timeout.ms = 60000
	enable.auto.commit = false
	enable.metrics.push = true
	exclude.internal.topics = true
	fetch.max.bytes = 52428800
	fetch.max.wait.ms = 500
	fetch.min.bytes = 1
	group.id = crossref-service-group
	group.instance.id = null
	group.protocol = classic
	group.remote.assignor = null
	heartbeat.interval.ms = 3000
	interceptor.classes = []
	internal.leave.group.on.close = true
	internal.throw.on.fetch.stable.offset.unsupported = false
	isolation.level = read_uncommitted
	key.deserializer = class org.apache.kafka.common.serialization.StringDeserializer
	max.partition.fetch.bytes = 1048576
	max.poll.interval.ms = 300000
	max.poll.records = 500
	metadata.max.age.ms = 300000
	metadata.recovery.rebootstrap.trigger.ms = 300000
	metadata.recovery.strategy = rebootstrap
	metric.reporters = [org.apache.kafka.common.metrics.JmxReporter]
	metrics.num.samples = 2
	metrics.recording.level = INFO
	metrics.sample.window.ms = 30000
	partition.assignment.strategy = [class org.apache.kafka.clients.consumer.RangeAssignor, class org.apache.kafka.clients.consumer.CooperativeStickyAssignor]
	receive.buffer.bytes = 65536
	reconnect.backoff.max.ms = 1000
	reconnect.backoff.ms = 50
	request.timeout.ms = 30000
	retry.backoff.max.ms = 1000
	retry.backoff.ms = 100
	sasl.client.callback.handler.class = null
	sasl.jaas.config = null
	sasl.kerberos.kinit.cmd = /usr/bin/kinit
	sasl.kerberos.min.time.before.relogin = 60000
	sasl.kerberos.service.name = null
	sasl.kerberos.ticket.renew.jitter = 0.05
	sasl.kerberos.ticket.renew.window.factor = 0.8
	sasl.login.callback.handler.class = null
	sasl.login.class = null
	sasl.login.connect.timeout.ms = null
	sasl.login.read.timeout.ms = null
	sasl.login.refresh.buffer.seconds = 300
	sasl.login.refresh.min.period.seconds = 60
	sasl.login.refresh.window.factor = 0.8
	sasl.login.refresh.window.jitter = 0.05
	sasl.login.retry.backoff.max.ms = 10000
	sasl.login.retry.backoff.ms = 100
	sasl.mechanism = GSSAPI
	sasl.oauthbearer.assertion.algorithm = RS256
	sasl.oauthbearer.assertion.claim.aud = null
	sasl.oauthbearer.assertion.claim.exp.seconds = 300
	sasl.oauthbearer.assertion.claim.iss = null
	sasl.oauthbearer.assertion.claim.jti.include = false
	sasl.oauthbearer.assertion.claim.nbf.seconds = 60
	sasl.oauthbearer.assertion.claim.sub = null
	sasl.oauthbearer.assertion.file = null
	sasl.oauthbearer.assertion.private.key.file = null
	sasl.oauthbearer.assertion.private.key.passphrase = null
	sasl.oauthbearer.assertion.template.file = null
	sasl.oauthbearer.client.credentials.client.id = null
	sasl.oauthbearer.client.credentials.client.secret = null
	sasl.oauthbearer.clock.skew.seconds = 30
	sasl.oauthbearer.expected.audience = null
	sasl.oauthbearer.expected.issuer = null
	sasl.oauthbearer.header.urlencode = false
	sasl.oauthbearer.jwks.endpoint.refresh.ms = 3600000
	sasl.oauthbearer.jwks.endpoint.retry.backoff.max.ms = 10000
	sasl.oauthbearer.jwks.endpoint.retry.backoff.ms = 100
	sasl.oauthbearer.jwks.endpoint.url = null
	sasl.oauthbearer.jwt.retriever.class = class org.apache.kafka.common.security.oauthbearer.DefaultJwtRetriever
	sasl.oauthbearer.jwt.validator.class = class org.apache.kafka.common.security.oauthbearer.DefaultJwtValidator
	sasl.oauthbearer.scope = null
	sasl.oauthbearer.scope.claim.name = scope
	sasl.oauthbearer.sub.claim.name = sub
	sasl.oauthbearer.token.endpoint.url = null
	security.protocol = PLAINTEXT
	security.providers = null
	send.buffer.bytes = 131072
	session.timeout.ms = 45000
	share.acknowledgement.mode = implicit
	socket.connection.setup.timeout.max.ms = 30000
	socket.connection.setup.timeout.ms = 10000
	ssl.cipher.suites = null
	ssl.enabled.protocols = [TLSv1.2, TLSv1.3]
	ssl.endpoint.identification.algorithm = https
	ssl.engine.factory.class = null
	ssl.key.password = null
	ssl.keymanager.algorithm = SunX509
	ssl.keystore.certificate.chain = null
	ssl.keystore.key = null
	ssl.keystore.location = null
	ssl.keystore.password = null
	ssl.keystore.type = JKS
	ssl.protocol = TLSv1.3
	ssl.provider = null
	ssl.secure.random.implementation = null
	ssl.trustmanager.algorithm = PKIX
	ssl.truststore.certificates = null
	ssl.truststore.location = null
	ssl.truststore.password = null
	ssl.truststore.type = JKS
	value.deserializer = class org.springframework.kafka.support.serializer.JsonDeserializer

2026-02-09T16:09:19.661+05:30  INFO 23676 --- [crossref_service] [    Test worker] o.a.k.c.t.i.KafkaMetricsCollector        : initializing Kafka metrics collector
2026-02-09T16:09:20.026+05:30  INFO 23676 --- [crossref_service] [    Test worker] o.a.kafka.common.utils.AppInfoParser     : Kafka version: 4.1.1
2026-02-09T16:09:20.027+05:30  INFO 23676 --- [crossref_service] [    Test worker] o.a.kafka.common.utils.AppInfoParser     : Kafka commitId: be816b82d25370ce
2026-02-09T16:09:20.027+05:30  INFO 23676 --- [crossref_service] [    Test worker] o.a.kafka.common.utils.AppInfoParser     : Kafka startTimeMs: 1770633560024
2026-02-09T16:09:20.039+05:30  INFO 23676 --- [crossref_service] [    Test worker] o.a.k.c.c.i.ClassicKafkaConsumer         : [Consumer clientId=consumer-crossref-service-group-1, groupId=crossref-service-group] Subscribed to topic(s): parser-service-topic
2026-02-09T16:09:20.079+05:30  INFO 23676 --- [crossref_service] [    Test worker] c.a.c.CrossrefServiceApplicationTests    : Started CrossrefServiceApplicationTests in 8.946 seconds (process running for 11.791)
2026-02-09T16:09:20.843+05:30  INFO 23676 --- [crossref_service] [ntainer#0-0-C-1] org.apache.kafka.clients.Metadata        : [Consumer clientId=consumer-crossref-service-group-1, groupId=crossref-service-group] Cluster ID: kKxOnchVQDmzrp_Q5V4ZiQ
2026-02-09T16:09:20.847+05:30  INFO 23676 --- [crossref_service] [ntainer#0-0-C-1] o.a.k.c.c.internals.ConsumerCoordinator  : [Consumer clientId=consumer-crossref-service-group-1, groupId=crossref-service-group] Discovered group coordinator localhost:9092 (id: 2147483646 rack: null isFenced: false)
2026-02-09T16:09:20.851+05:30  INFO 23676 --- [crossref_service] [ntainer#0-0-C-1] o.a.k.c.c.internals.ConsumerCoordinator  : [Consumer clientId=consumer-crossref-service-group-1, groupId=crossref-service-group] (Re-)joining group
2026-02-09T16:09:20.891+05:30  INFO 23676 --- [crossref_service] [ntainer#0-0-C-1] o.a.k.c.c.internals.ConsumerCoordinator  : [Consumer clientId=consumer-crossref-service-group-1, groupId=crossref-service-group] Request joining group due to: need to re-join with the given member-id: consumer-crossref-service-group-1-1a4bb43d-f244-4210-908b-700b60d3bce8
2026-02-09T16:09:20.892+05:30  INFO 23676 --- [crossref_service] [ntainer#0-0-C-1] o.a.k.c.c.internals.ConsumerCoordinator  : [Consumer clientId=consumer-crossref-service-group-1, groupId=crossref-service-group] (Re-)joining group
test is running
2026-02-09T16:09:20.932+05:30  INFO 23676 --- [crossref_service] [ntainer#0-0-C-1] o.a.k.c.c.internals.ConsumerCoordinator  : [Consumer clientId=consumer-crossref-service-group-1, groupId=crossref-service-group] Member consumer-crossref-service-group-1-1a4bb43d-f244-4210-908b-700b60d3bce8 sending LeaveGroup request to coordinator localhost:9092 (id: 2147483646 rack: null isFenced: false) due to the consumer unsubscribed from all topics
2026-02-09T16:09:20.933+05:30  INFO 23676 --- [crossref_service] [ntainer#0-0-C-1] o.a.k.c.c.internals.ConsumerCoordinator  : [Consumer clientId=consumer-crossref-service-group-1, groupId=crossref-service-group] Resetting generation and member id due to: consumer pro-actively leaving the group
2026-02-09T16:09:20.934+05:30  INFO 23676 --- [crossref_service] [ntainer#0-0-C-1] o.a.k.c.c.internals.ConsumerCoordinator  : [Consumer clientId=consumer-crossref-service-group-1, groupId=crossref-service-group] Request joining group due to: consumer pro-actively leaving the group
2026-02-09T16:09:20.934+05:30  INFO 23676 --- [crossref_service] [ntainer#0-0-C-1] o.a.k.c.c.i.ClassicKafkaConsumer         : [Consumer clientId=consumer-crossref-service-group-1, groupId=crossref-service-group] Unsubscribed all topics or patterns and assigned partitions
2026-02-09T16:09:20.941+05:30  INFO 23676 --- [crossref_service] [ntainer#0-0-C-1] o.a.k.c.c.internals.ConsumerCoordinator  : [Consumer clientId=consumer-crossref-service-group-1, groupId=crossref-service-group] Resetting generation and member id due to: consumer pro-actively leaving the group
2026-02-09T16:09:20.941+05:30  INFO 23676 --- [crossref_service] [ntainer#0-0-C-1] o.a.k.c.c.internals.ConsumerCoordinator  : [Consumer clientId=consumer-crossref-service-group-1, groupId=crossref-service-group] Request joining group due to: consumer pro-actively leaving the group
2026-02-09T16:09:24.126+05:30  INFO 23676 --- [crossref_service] [ntainer#0-0-C-1] o.apache.kafka.common.metrics.Metrics    : Metrics scheduler closed
2026-02-09T16:09:24.126+05:30  INFO 23676 --- [crossref_service] [ntainer#0-0-C-1] o.apache.kafka.common.metrics.Metrics    : Closing reporter org.apache.kafka.common.metrics.JmxReporter
2026-02-09T16:09:24.127+05:30  INFO 23676 --- [crossref_service] [ntainer#0-0-C-1] o.apache.kafka.common.metrics.Metrics    : Closing reporter org.apache.kafka.common.telemetry.internals.ClientTelemetryReporter
2026-02-09T16:09:24.127+05:30  INFO 23676 --- [crossref_service] [ntainer#0-0-C-1] o.apache.kafka.common.metrics.Metrics    : Metrics reporters closed
2026-02-09T16:09:24.144+05:30  INFO 23676 --- [crossref_service] [ntainer#0-0-C-1] o.a.kafka.common.utils.AppInfoParser     : App info kafka.consumer for consumer-crossref-service-group-1 unregistered
2026-02-09T16:09:24.145+05:30  INFO 23676 --- [crossref_service] [ntainer#0-0-C-1] o.s.k.l.KafkaMessageListenerContainer    : crossref-service-group: Consumer stopped
]]></system-out>
  <system-err><![CDATA[Mockito is currently self-attaching to enable the inline-mock-maker. This will no longer work in future releases of the JDK. Please add Mockito as an agent to your build as described in Mockito's documentation: https://javadoc.io/doc/org.mockito/mockito-core/latest/org.mockito/org/mockito/Mockito.html#0.3
WARNING: A Java agent has been loaded dynamically (C:\Users\ShwethaK\.gradle\caches\modules-2\files-2.1\net.bytebuddy\byte-buddy-agent\1.17.8\f09415827a71be7ed621c7bd02550678f28bc81c\byte-buddy-agent-1.17.8.jar)
WARNING: If a serviceability tool is in use, please run with -XX:+EnableDynamicAgentLoading to hide this warning
WARNING: If a serviceability tool is not in use, please run with -Djdk.instrument.traceUsage for more information
WARNING: Dynamic loading of agents will be disallowed by default in a future release
]]></system-err>
</testsuite>
